Project file contains ToolsVersion="12.0". This toolset may be unknown or missing, in which case you may be able to resolve this by installing the appropriate version of MSBuild, or the build may have been forced to a particular ToolsVersion for policy reasons. Treating the project as if it had ToolsVersion="4.0". For more information, please see http://go.microsoft.com/fwlink/?LinkId=291333.
  gui.c
c:\users\aloisius\documents\github\opencal\forestinsect-calgl\source\gui.c(12): warning C4244: 'function' : conversion from 'float' to 'int', possible loss of data
  forestInsect.c
  Generating Code...
freeglut_static.lib(freeglut_callbacks.obj) : warning LNK4204: 'C:\Users\Aloisius\Documents\GitHub\opencal\ForestInsect-calgl\bin\Win32\Debug\vc110.pdb' is missing debugging information for referencing module; linking object as if no debug info
freeglut_static.lib(freeglut_cursor.obj) : warning LNK4204: 'C:\Users\Aloisius\Documents\GitHub\opencal\ForestInsect-calgl\bin\Win32\Debug\vc110.pdb' is missing debugging information for referencing module; linking object as if no debug info
freeglut_static.lib(freeglut_display.obj) : warning LNK4204: 'C:\Users\Aloisius\Documents\GitHub\opencal\ForestInsect-calgl\bin\Win32\Debug\vc110.pdb' is missing debugging information for referencing module; linking object as if no debug info
freeglut_static.lib(freeglut_font.obj) : warning LNK4204: 'C:\Users\Aloisius\Documents\GitHub\opencal\ForestInsect-calgl\bin\Win32\Debug\vc110.pdb' is missing debugging information for referencing module; linking object as if no debug info
freeglut_static.lib(freeglut_font_data.obj) : warning LNK4204: 'C:\Users\Aloisius\Documents\GitHub\opencal\ForestInsect-calgl\bin\Win32\Debug\vc110.pdb' is missing debugging information for referencing module; linking object as if no debug info
freeglut_static.lib(freeglut_gamemode.obj) : warning LNK4204: 'C:\Users\Aloisius\Documents\GitHub\opencal\ForestInsect-calgl\bin\Win32\Debug\vc110.pdb' is missing debugging information for referencing module; linking object as if no debug info
freeglut_static.lib(freeglut_geometry.obj) : warning LNK4204: 'C:\Users\Aloisius\Documents\GitHub\opencal\ForestInsect-calgl\bin\Win32\Debug\vc110.pdb' is missing debugging information for referencing module; linking object as if no debug info
freeglut_static.lib(freeglut_init.obj) : warning LNK4204: 'C:\Users\Aloisius\Documents\GitHub\opencal\ForestInsect-calgl\bin\Win32\Debug\vc110.pdb' is missing debugging information for referencing module; linking object as if no debug info
freeglut_static.lib(freeglut_input_devices.obj) : warning LNK4204: 'C:\Users\Aloisius\Documents\GitHub\opencal\ForestInsect-calgl\bin\Win32\Debug\vc110.pdb' is missing debugging information for referencing module; linking object as if no debug info
freeglut_static.lib(freeglut_joystick.obj) : warning LNK4204: 'C:\Users\Aloisius\Documents\GitHub\opencal\ForestInsect-calgl\bin\Win32\Debug\vc110.pdb' is missing debugging information for referencing module; linking object as if no debug info
freeglut_static.lib(freeglut_main.obj) : warning LNK4204: 'C:\Users\Aloisius\Documents\GitHub\opencal\ForestInsect-calgl\bin\Win32\Debug\vc110.pdb' is missing debugging information for referencing module; linking object as if no debug info
freeglut_static.lib(freeglut_menu.obj) : warning LNK4204: 'C:\Users\Aloisius\Documents\GitHub\opencal\ForestInsect-calgl\bin\Win32\Debug\vc110.pdb' is missing debugging information for referencing module; linking object as if no debug info
freeglut_static.lib(freeglut_spaceball.obj) : warning LNK4204: 'C:\Users\Aloisius\Documents\GitHub\opencal\ForestInsect-calgl\bin\Win32\Debug\vc110.pdb' is missing debugging information for referencing module; linking object as if no debug info
freeglut_static.lib(freeglut_state.obj) : warning LNK4204: 'C:\Users\Aloisius\Documents\GitHub\opencal\ForestInsect-calgl\bin\Win32\Debug\vc110.pdb' is missing debugging information for referencing module; linking object as if no debug info
freeglut_static.lib(freeglut_stroke_mono_roman.obj) : warning LNK4204: 'C:\Users\Aloisius\Documents\GitHub\opencal\ForestInsect-calgl\bin\Win32\Debug\vc110.pdb' is missing debugging information for referencing module; linking object as if no debug info
freeglut_static.lib(freeglut_stroke_roman.obj) : warning LNK4204: 'C:\Users\Aloisius\Documents\GitHub\opencal\ForestInsect-calgl\bin\Win32\Debug\vc110.pdb' is missing debugging information for referencing module; linking object as if no debug info
freeglut_static.lib(freeglut_structure.obj) : warning LNK4204: 'C:\Users\Aloisius\Documents\GitHub\opencal\ForestInsect-calgl\bin\Win32\Debug\vc110.pdb' is missing debugging information for referencing module; linking object as if no debug info
freeglut_static.lib(freeglut_window.obj) : warning LNK4204: 'C:\Users\Aloisius\Documents\GitHub\opencal\ForestInsect-calgl\bin\Win32\Debug\vc110.pdb' is missing debugging information for referencing module; linking object as if no debug info
  ForestInsect.vcxproj -> C:\Users\Aloisius\Documents\GitHub\opencal\ForestInsect-calgl\./bin/Win32/Debug/ForestInsect-calgld.exe
