Project file contains ToolsVersion="12.0". This toolset may be unknown or missing, in which case you may be able to resolve this by installing the appropriate version of MSBuild, or the build may have been forced to a particular ToolsVersion for policy reasons. Treating the project as if it had ToolsVersion="4.0". For more information, please see http://go.microsoft.com/fwlink/?LinkId=291333.
  mbusu_gui.c
source\mbusu_gui.c(55): warning C4244: 'function' : conversion from 'CALreal' to 'GLfloat', possible loss of data
source\mbusu_gui.c(145): warning C4244: '=' : conversion from 'int' to 'GLfloat', possible loss of data
  mbusu.c
source\mbusu.c(22): warning C4305: 'initializing' : truncation from 'double' to 'float'
source\mbusu.c(23): warning C4305: 'initializing' : truncation from 'double' to 'float'
source\mbusu.c(24): warning C4305: 'initializing' : truncation from 'double' to 'float'
source\mbusu.c(25): warning C4305: 'initializing' : truncation from 'double' to 'float'
source\mbusu.c(26): warning C4305: 'initializing' : truncation from 'double' to 'float'
source\mbusu.c(27): warning C4305: 'initializing' : truncation from 'double' to 'float'
source\mbusu.c(43): warning C4101: 'moist_print' : unreferenced local variable
source\mbusu.c(179): warning C4101: 'Delta_h' : unreferenced local variable
source\mbusu.c(178): warning C4101: 'teta_pioggia' : unreferenced local variable
source\mbusu.c(182): warning C4101: 'moist_print' : unreferenced local variable
source\mbusu.c(183): warning C4101: 'convergence' : unreferenced local variable
source\mbusu.c(182): warning C4101: 'volume' : unreferenced local variable
source\mbusu.c(185): warning C4101: 'temp_value' : unreferenced local variable
source\mbusu.c(288): warning C4244: '=' : conversion from 'double' to 'float', possible loss of data
source\mbusu.c(273): warning C4101: 'moist_print' : unreferenced local variable
source\mbusu.c(275): warning C4101: 'k_inv' : unreferenced local variable
LINK : fatal error LNK1181: cannot open input file 'OpenCAL-OMP.lib'
