C:\USERS\ALOISIUS\DOCUMENTS\GITHUB\OPENCAL\OPENCAL-GL\BIN\WIN32\RELEASE\CALGLUTILS.OBJ
C:\USERS\ALOISIUS\DOCUMENTS\GITHUB\OPENCAL\OPENCAL-GL\BIN\WIN32\RELEASE\CALGL3DWINDOW.OBJ
C:\USERS\ALOISIUS\DOCUMENTS\GITHUB\OPENCAL\OPENCAL-GL\BIN\WIN32\RELEASE\CALGL2DUPDATER.OBJ
C:\USERS\ALOISIUS\DOCUMENTS\GITHUB\OPENCAL\OPENCAL-GL\BIN\WIN32\RELEASE\CALGL2DNODEDATA.OBJ
C:\USERS\ALOISIUS\DOCUMENTS\GITHUB\OPENCAL\OPENCAL-GL\BIN\WIN32\RELEASE\CALGLMODELVIEWPARAMETER.OBJ
C:\USERS\ALOISIUS\DOCUMENTS\GITHUB\OPENCAL\OPENCAL-GL\BIN\WIN32\RELEASE\CALGL2DWINDOW.OBJ
C:\USERS\ALOISIUS\DOCUMENTS\GITHUB\OPENCAL\OPENCAL-GL\BIN\WIN32\RELEASE\CALGL3DUPDATER.OBJ
C:\USERS\ALOISIUS\DOCUMENTS\GITHUB\OPENCAL\OPENCAL-GL\BIN\WIN32\RELEASE\CALGL3DNODEDATA.OBJ
C:\USERS\ALOISIUS\DOCUMENTS\GITHUB\OPENCAL\OPENCAL-GL\BIN\WIN32\RELEASE\CALGLLIGHTPARAMETER.OBJ
C:\USERS\ALOISIUS\DOCUMENTS\GITHUB\OPENCAL\OPENCAL-GL\BIN\WIN32\RELEASE\CALGLINFOBAR.OBJ
C:\USERS\ALOISIUS\DOCUMENTS\GITHUB\OPENCAL\OPENCAL-GL\BIN\WIN32\RELEASE\CALGLGLOBALSETTINGS.OBJ
C:\USERS\ALOISIUS\DOCUMENTS\GITHUB\OPENCAL\OPENCAL-GL\BIN\WIN32\RELEASE\CALGL3D.OBJ
C:\USERS\ALOISIUS\DOCUMENTS\GITHUB\OPENCAL\OPENCAL-GL\BIN\WIN32\RELEASE\CALGL2D.OBJ
C:\USERS\ALOISIUS\DOCUMENTS\GITHUB\OPENCAL\OPENCAL-GL\BIN\WIN32\RELEASE\VC110.PDB
C:\USERS\ALOISIUS\DOCUMENTS\GITHUB\OPENCAL\OPENCAL-GL\LIB\OPENCAL-GL.LIB
C:\Users\Aloisius\Documents\GitHub\opencal\OpenCAL-GL\bin\Win32\Release\calgl2D.obj
C:\Users\Aloisius\Documents\GitHub\opencal\OpenCAL-GL\bin\Win32\Release\calgl2DNodeData.obj
C:\Users\Aloisius\Documents\GitHub\opencal\OpenCAL-GL\bin\Win32\Release\calgl2DUpdater.obj
C:\Users\Aloisius\Documents\GitHub\opencal\OpenCAL-GL\bin\Win32\Release\calgl2DWindow.obj
C:\Users\Aloisius\Documents\GitHub\opencal\OpenCAL-GL\bin\Win32\Release\calgl3D.obj
C:\Users\Aloisius\Documents\GitHub\opencal\OpenCAL-GL\bin\Win32\Release\calgl3DNodeData.obj
C:\Users\Aloisius\Documents\GitHub\opencal\OpenCAL-GL\bin\Win32\Release\calgl3DUpdater.obj
C:\Users\Aloisius\Documents\GitHub\opencal\OpenCAL-GL\bin\Win32\Release\calgl3DWindow.obj
C:\Users\Aloisius\Documents\GitHub\opencal\OpenCAL-GL\bin\Win32\Release\calglGlobalSettings.obj
C:\Users\Aloisius\Documents\GitHub\opencal\OpenCAL-GL\bin\Win32\Release\calglInfoBar.obj
C:\Users\Aloisius\Documents\GitHub\opencal\OpenCAL-GL\bin\Win32\Release\calglLightParameter.obj
C:\Users\Aloisius\Documents\GitHub\opencal\OpenCAL-GL\bin\Win32\Release\calglModelViewParameter.obj
C:\Users\Aloisius\Documents\GitHub\opencal\OpenCAL-GL\bin\Win32\Release\calglUtils.obj
C:\Users\Aloisius\Documents\GitHub\opencal\OpenCAL-GL\bin\Win32\Release\cl.command.1.tlog
C:\Users\Aloisius\Documents\GitHub\opencal\OpenCAL-GL\bin\Win32\Release\CL.read.1.tlog
C:\Users\Aloisius\Documents\GitHub\opencal\OpenCAL-GL\bin\Win32\Release\CL.write.1.tlog
C:\Users\Aloisius\Documents\GitHub\opencal\OpenCAL-GL\bin\Win32\Release\Lib-link.read.1.tlog
C:\Users\Aloisius\Documents\GitHub\opencal\OpenCAL-GL\bin\Win32\Release\Lib-link.write.1.tlog
C:\Users\Aloisius\Documents\GitHub\opencal\OpenCAL-GL\bin\Win32\Release\lib.command.1.tlog
C:\Users\Aloisius\Documents\GitHub\opencal\OpenCAL-GL\bin\Win32\Release\vc110.pdb
C:\Users\Aloisius\Documents\GitHub\opencal\OpenCAL-GL\./lib/OpenCAL-GL.lib
