Project file contains ToolsVersion="12.0". This toolset may be unknown or missing, in which case you may be able to resolve this by installing the appropriate version of MSBuild, or the build may have been forced to a particular ToolsVersion for policy reasons. Treating the project as if it had ToolsVersion="4.0". For more information, please see http://go.microsoft.com/fwlink/?LinkId=291333.
  calglUtils.c
  calgl3DWindow.c
  calgl2DUpdater.c
  calgl2DNodeData.c
  calglModelViewParameter.c
  calgl2DWindow.c
c:\users\aloisius\documents\github\opencal\opencal-gl\source\calgl2dwindow.c(501): warning C4244: '=' : conversion from 'GLfloat' to 'GLint', possible loss of data
c:\users\aloisius\documents\github\opencal\opencal-gl\source\calgl2dwindow.c(564): warning C4244: '=' : conversion from 'GLfloat' to 'GLint', possible loss of data
  calgl3DUpdater.c
  calgl3DNodeData.c
  calglLightParameter.c
  calglInfoBar.c
c:\users\aloisius\documents\github\opencal\opencal-gl\source\calglinfobar.c(163): warning C4244: '=' : conversion from 'GLfloat' to 'GLint', possible loss of data
c:\users\aloisius\documents\github\opencal\opencal-gl\source\calglinfobar.c(164): warning C4244: '=' : conversion from 'GLfloat' to 'GLint', possible loss of data
  calglGlobalSettings.c
  calgl3D.c
  calgl2D.c
  Generating Code...
  OpenCAL-GL.vcxproj -> C:\Users\Aloisius\Documents\GitHub\opencal\OpenCAL-GL\./lib/OpenCAL-GLd.lib
