Project file contains ToolsVersion="12.0". This toolset may be unknown or missing, in which case you may be able to resolve this by installing the appropriate version of MSBuild, or the build may have been forced to a particular ToolsVersion for policy reasons. Treating the project as if it had ToolsVersion="4.0". For more information, please see http://go.microsoft.com/fwlink/?LinkId=291333.
  gui.c
  sciddicaS3Hex.c
source\sciddicaS3Hex.c(189): warning C4101: 'i' : unreferenced local variable
source\sciddicaS3Hex.c(189): warning C4101: 'j' : unreferenced local variable
  Generating code
c:\users\aloisius\documents\github\opencal\opencal\source\cal2d.c(658): warning C4716: 'calApplyElementaryProcess2D' : must return a value
  Finished generating code
freeglut_static.lib(freeglut_window.obj) : warning LNK4099: PDB 'vc110.pdb' was not found with 'freeglut_static.lib(freeglut_window.obj)' or at 'C:\Users\Aloisius\Documents\GitHub\opencal\sciddicaS3hex-unsafe-glut\bin\Win32\Release\vc110.pdb'; linking object as if no debug info
freeglut_static.lib(freeglut_init.obj) : warning LNK4099: PDB 'vc110.pdb' was not found with 'freeglut_static.lib(freeglut_init.obj)' or at 'C:\Users\Aloisius\Documents\GitHub\opencal\sciddicaS3hex-unsafe-glut\bin\Win32\Release\vc110.pdb'; linking object as if no debug info
freeglut_static.lib(freeglut_display.obj) : warning LNK4099: PDB 'vc110.pdb' was not found with 'freeglut_static.lib(freeglut_display.obj)' or at 'C:\Users\Aloisius\Documents\GitHub\opencal\sciddicaS3hex-unsafe-glut\bin\Win32\Release\vc110.pdb'; linking object as if no debug info
freeglut_static.lib(freeglut_callbacks.obj) : warning LNK4099: PDB 'vc110.pdb' was not found with 'freeglut_static.lib(freeglut_callbacks.obj)' or at 'C:\Users\Aloisius\Documents\GitHub\opencal\sciddicaS3hex-unsafe-glut\bin\Win32\Release\vc110.pdb'; linking object as if no debug info
freeglut_static.lib(freeglut_main.obj) : warning LNK4099: PDB 'vc110.pdb' was not found with 'freeglut_static.lib(freeglut_main.obj)' or at 'C:\Users\Aloisius\Documents\GitHub\opencal\sciddicaS3hex-unsafe-glut\bin\Win32\Release\vc110.pdb'; linking object as if no debug info
freeglut_static.lib(freeglut_structure.obj) : warning LNK4099: PDB 'vc110.pdb' was not found with 'freeglut_static.lib(freeglut_structure.obj)' or at 'C:\Users\Aloisius\Documents\GitHub\opencal\sciddicaS3hex-unsafe-glut\bin\Win32\Release\vc110.pdb'; linking object as if no debug info
freeglut_static.lib(freeglut_state.obj) : warning LNK4099: PDB 'vc110.pdb' was not found with 'freeglut_static.lib(freeglut_state.obj)' or at 'C:\Users\Aloisius\Documents\GitHub\opencal\sciddicaS3hex-unsafe-glut\bin\Win32\Release\vc110.pdb'; linking object as if no debug info
freeglut_static.lib(freeglut_gamemode.obj) : warning LNK4099: PDB 'vc110.pdb' was not found with 'freeglut_static.lib(freeglut_gamemode.obj)' or at 'C:\Users\Aloisius\Documents\GitHub\opencal\sciddicaS3hex-unsafe-glut\bin\Win32\Release\vc110.pdb'; linking object as if no debug info
freeglut_static.lib(freeglut_input_devices.obj) : warning LNK4099: PDB 'vc110.pdb' was not found with 'freeglut_static.lib(freeglut_input_devices.obj)' or at 'C:\Users\Aloisius\Documents\GitHub\opencal\sciddicaS3hex-unsafe-glut\bin\Win32\Release\vc110.pdb'; linking object as if no debug info
freeglut_static.lib(freeglut_joystick.obj) : warning LNK4099: PDB 'vc110.pdb' was not found with 'freeglut_static.lib(freeglut_joystick.obj)' or at 'C:\Users\Aloisius\Documents\GitHub\opencal\sciddicaS3hex-unsafe-glut\bin\Win32\Release\vc110.pdb'; linking object as if no debug info
freeglut_static.lib(freeglut_spaceball.obj) : warning LNK4099: PDB 'vc110.pdb' was not found with 'freeglut_static.lib(freeglut_spaceball.obj)' or at 'C:\Users\Aloisius\Documents\GitHub\opencal\sciddicaS3hex-unsafe-glut\bin\Win32\Release\vc110.pdb'; linking object as if no debug info
freeglut_static.lib(freeglut_cursor.obj) : warning LNK4099: PDB 'vc110.pdb' was not found with 'freeglut_static.lib(freeglut_cursor.obj)' or at 'C:\Users\Aloisius\Documents\GitHub\opencal\sciddicaS3hex-unsafe-glut\bin\Win32\Release\vc110.pdb'; linking object as if no debug info
freeglut_static.lib(freeglut_menu.obj) : warning LNK4099: PDB 'vc110.pdb' was not found with 'freeglut_static.lib(freeglut_menu.obj)' or at 'C:\Users\Aloisius\Documents\GitHub\opencal\sciddicaS3hex-unsafe-glut\bin\Win32\Release\vc110.pdb'; linking object as if no debug info
freeglut_static.lib(freeglut_font.obj) : warning LNK4099: PDB 'vc110.pdb' was not found with 'freeglut_static.lib(freeglut_font.obj)' or at 'C:\Users\Aloisius\Documents\GitHub\opencal\sciddicaS3hex-unsafe-glut\bin\Win32\Release\vc110.pdb'; linking object as if no debug info
freeglut_static.lib(freeglut_font_data.obj) : warning LNK4099: PDB 'vc110.pdb' was not found with 'freeglut_static.lib(freeglut_font_data.obj)' or at 'C:\Users\Aloisius\Documents\GitHub\opencal\sciddicaS3hex-unsafe-glut\bin\Win32\Release\vc110.pdb'; linking object as if no debug info
freeglut_static.lib(freeglut_stroke_roman.obj) : warning LNK4099: PDB 'vc110.pdb' was not found with 'freeglut_static.lib(freeglut_stroke_roman.obj)' or at 'C:\Users\Aloisius\Documents\GitHub\opencal\sciddicaS3hex-unsafe-glut\bin\Win32\Release\vc110.pdb'; linking object as if no debug info
freeglut_static.lib(freeglut_stroke_mono_roman.obj) : warning LNK4099: PDB 'vc110.pdb' was not found with 'freeglut_static.lib(freeglut_stroke_mono_roman.obj)' or at 'C:\Users\Aloisius\Documents\GitHub\opencal\sciddicaS3hex-unsafe-glut\bin\Win32\Release\vc110.pdb'; linking object as if no debug info
  sciddicaS3hex-unsafe-glut.vcxproj -> C:\Users\Aloisius\Documents\GitHub\opencal\sciddicaS3hex-unsafe-glut\./bin/Win32/Release/sciddicaS3hex-unsafe-glut.exe
